<?xml version="1.0" encoding="UTF-8"?>
<!-- Generated by org.testng.reporters.JUnitXMLReporter -->
<testsuite ignored="0" hostname="K10185" failures="1" tests="2" name="Test" time="46.155" errors="0" timestamp="2022-05-11T18:50:37 IST">
  <testcase classname="com.tmb.tests.CreateUserTest" name="createUserTest" time="24.388"/>
  <testcase classname="com.tmb.tests.CreateUserTest" name="createUserTest" time="21.549">
    <failure type="java.lang.AssertionError" message="Name does not match">
      <![CDATA[java.lang.AssertionError: Name does not match
at com.tmb.assertions.UserAssert.hasName(UserAssert.java:21)
at com.tmb.tests.CreateUserTest.createUserTest(CreateUserTest.java:39)
at java.base/java.util.ArrayList.forEach(ArrayList.java:1511)
... Removed 27 stack frames]]>
    </failure>
  </testcase> <!-- createUserTest -->
</testsuite> <!-- Test -->
