{"uuid":"b1a192c2-be71-43a0-9ca5-0823fa6b23b7","historyId":"70a1bc5d6f06ee7d20ba59ad9c3a4038","fullName":"com.tmb.tests.CreateUserTest.createUserTest","labels":[{"name":"package","value":"com.tmb.tests.CreateUserTest"},{"name":"testClass","value":"com.tmb.tests.CreateUserTest"},{"name":"testMethod","value":"createUserTest"},{"name":"parentSuite","value":"Suite"},{"name":"suite","value":"Test"},{"name":"subSuite","value":"com.tmb.tests.CreateUserTest"},{"name":"host","value":"K10185"},{"name":"thread","value":"5716@K10185.main(1)"},{"name":"framework","value":"testng"},{"name":"language","value":"java"}],"links":[],"name":"createUserTest","status":"broken","statusDetails":{"known":false,"muted":false,"flaky":false,"message":"java.io.FileNotFoundException: src\\test\\resources\\jsonschemas\\user.json (The system cannot find the path specified)","trace":"io.restassured.module.jsv.JsonSchemaValidationException: java.io.FileNotFoundException: src\\test\\resources\\jsonschemas\\user.json (The system cannot find the path specified)\r\n\tat io.restassured.module.jsv.JsonSchemaValidator$JsonSchemaValidatorFactory.create(JsonSchemaValidator.java:286)\r\n\tat io.restassured.module.jsv.JsonSchemaValidator.matchesJsonSchema(JsonSchemaValidator.java:157)\r\n\tat com.tmb.assertions.ResponseAssert.hasExpectedResponseJsonSchema(ResponseAssert.java:47)\r\n\tat com.tmb.tests.CreateUserTest.createUserTest(CreateUserTest.java:36)\r\n\tat java.base/jdk.internal.reflect.NativeMethodAccessorImpl.invoke0(Native Method)\r\n\tat java.base/jdk.internal.reflect.NativeMethodAccessorImpl.invoke(NativeMethodAccessorImpl.java:78)\r\n\tat java.base/jdk.internal.reflect.DelegatingMethodAccessorImpl.invoke(DelegatingMethodAccessorImpl.java:43)\r\n\tat java.base/java.lang.reflect.Method.invoke(Method.java:567)\r\n\tat org.testng.internal.MethodInvocationHelper.invokeMethod(MethodInvocationHelper.java:133)\r\n\tat org.testng.internal.TestInvoker.invokeMethod(TestInvoker.java:598)\r\n\tat org.testng.internal.TestInvoker.invokeTestMethod(TestInvoker.java:173)\r\n\tat org.testng.internal.MethodRunner.runInSequence(MethodRunner.java:46)\r\n\tat org.testng.internal.TestInvoker$MethodInvocationAgent.invoke(TestInvoker.java:824)\r\n\tat org.testng.internal.TestInvoker.invokeTestMethods(TestInvoker.java:146)\r\n\tat org.testng.internal.TestMethodWorker.invokeTestMethods(TestMethodWorker.java:146)\r\n\tat org.testng.internal.TestMethodWorker.run(TestMethodWorker.java:128)\r\n\tat java.base/java.util.ArrayList.forEach(ArrayList.java:1511)\r\n\tat org.testng.TestRunner.privateRun(TestRunner.java:794)\r\n\tat org.testng.TestRunner.run(TestRunner.java:596)\r\n\tat org.testng.SuiteRunner.runTest(SuiteRunner.java:377)\r\n\tat org.testng.SuiteRunner.runSequentially(SuiteRunner.java:371)\r\n\tat org.testng.SuiteRunner.privateRun(SuiteRunner.java:332)\r\n\tat org.testng.SuiteRunner.run(SuiteRunner.java:276)\r\n\tat org.testng.SuiteRunnerWorker.runSuite(SuiteRunnerWorker.java:53)\r\n\tat org.testng.SuiteRunnerWorker.run(SuiteRunnerWorker.java:96)\r\n\tat org.testng.TestNG.runSuitesSequentially(TestNG.java:1212)\r\n\tat org.testng.TestNG.runSuitesLocally(TestNG.java:1134)\r\n\tat org.testng.TestNG.runSuites(TestNG.java:1063)\r\n\tat org.testng.TestNG.run(TestNG.java:1031)\r\n\tat org.testng.remote.AbstractRemoteTestNG.run(AbstractRemoteTestNG.java:115)\r\n\tat org.testng.remote.RemoteTestNG.initAndRun(RemoteTestNG.java:251)\r\n\tat org.testng.remote.RemoteTestNG.main(RemoteTestNG.java:77)\r\nCaused by: java.io.FileNotFoundException: src\\test\\resources\\jsonschemas\\user.json (The system cannot find the path specified)\r\n\tat java.base/java.io.FileInputStream.open0(Native Method)\r\n\tat java.base/java.io.FileInputStream.open(FileInputStream.java:211)\r\n\tat java.base/java.io.FileInputStream.<init>(FileInputStream.java:153)\r\n\tat com.github.fge.jackson.JsonLoader.fromFile(JsonLoader.java:165)\r\n\tat io.restassured.module.jsv.JsonSchemaValidator$3.createSchemaInstance(JsonSchemaValidator.java:155)\r\n\tat io.restassured.module.jsv.JsonSchemaValidator$3.createSchemaInstance(JsonSchemaValidator.java:152)\r\n\tat io.restassured.module.jsv.JsonSchemaValidator$JsonSchemaValidatorFactory.create(JsonSchemaValidator.java:284)\r\n\t... 31 more\r\n"},"stage":"finished","steps":[],"attachments":[{"name":"Request","source":"e1ee9af2-fa6d-4823-9bd3-fcfca626c07d-attachment.html","type":"text/html"},{"name":"HTTP/1.1 201 Created","source":"b0db5479-eb52-4002-9654-101e7f0012d4-attachment.html","type":"text/html"}],"parameters":[{"name":"arg0","value":"com.tmb.pojos.User@56276db8"}],"start":1652540657270,"stop":1652540682424}